<?xml version="1.0" encoding="UTF-8"?>
<testng-results total="1" passed="1" failed="0" skipped="0">
  <reporter-output>
  </reporter-output>
  <suite started-at="2023-03-22T15:14:47Z" name="Suite" finished-at="2023-03-22T15:14:48Z" duration-ms="74">
    <groups>
    </groups>
    <test started-at="2023-03-22T15:14:47Z" name="Test" finished-at="2023-03-22T15:14:48Z" duration-ms="74">
      <class name="SampleTest.SampleTest.SeleniumTest">
        <test-method signature="SeleniumTest()[pri:0, instance:SampleTest.SampleTest.SeleniumTest@70ed52de]" started-at="2023-03-22T20:44:47Z" name="SeleniumTest" finished-at="2023-03-22T20:44:48Z" duration-ms="28" status="PASS">
          <reporter-output>
          </reporter-output>
        </test-method> <!-- SeleniumTest -->
      </class> <!-- SampleTest.SampleTest.SeleniumTest -->
    </test> <!-- Test -->
  </suite> <!-- Suite -->
</testng-results>
