<?xml version="1.0" encoding="UTF-8"?>
<testng-results total="1" passed="1" failed="0" skipped="0">
  <reporter-output>
  </reporter-output>
  <suite started-at="2023-03-19T08:44:14Z" name="Default suite" finished-at="2023-03-19T08:44:14Z" duration-ms="120">
    <groups>
    </groups>
    <test started-at="2023-03-19T08:44:14Z" name="Default test" finished-at="2023-03-19T08:44:14Z" duration-ms="120">
      <class name="SampleTest.SampleTest.SeleniumTest">
        <test-method signature="SeleniumTest()[pri:0, instance:SampleTest.SampleTest.SeleniumTest@70ed52de]" started-at="2023-03-19T14:14:14Z" name="SeleniumTest" finished-at="2023-03-19T14:14:14Z" duration-ms="60" status="PASS">
          <reporter-output>
          </reporter-output>
        </test-method> <!-- SeleniumTest -->
      </class> <!-- SampleTest.SampleTest.SeleniumTest -->
    </test> <!-- Default test -->
  </suite> <!-- Default suite -->
</testng-results>
